E:\WORKPLACE\CAR-EYE\CAREYEPLAYER\BIN\C++\CAREYEPLAYER.EXE
E:\WORKPLACE\CAR-EYE\CAREYEPLAYER\BIN\C++\CAREYEPLAYER.ILK
E:\WORKPLACE\CAR-EYE\CAREYEPLAYER\BIN\C++\CAREYEPLAYER.PDB
E:\WORKPLACE\CAR-EYE\CAREYEPLAYER\SRC\C++\CAREYEPLAYER\DEBUG\BUILDDIALOG.OBJ
E:\WORKPLACE\CAR-EYE\CAREYEPLAYER\SRC\C++\CAREYEPLAYER\DEBUG\CAREYEPLAYER.EXE.EMBED.MANIFEST
E:\WORKPLACE\CAR-EYE\CAREYEPLAYER\SRC\C++\CAREYEPLAYER\DEBUG\CAREYEPLAYER.EXE.EMBED.MANIFEST.RES
E:\WORKPLACE\CAR-EYE\CAREYEPLAYER\SRC\C++\CAREYEPLAYER\DEBUG\CAREYEPLAYER.EXE.INTERMEDIATE.MANIFEST
E:\WORKPLACE\CAR-EYE\CAREYEPLAYER\SRC\C++\CAREYEPLAYER\DEBUG\CAREYEPLAYER.OBJ
E:\WORKPLACE\CAR-EYE\CAREYEPLAYER\SRC\C++\CAREYEPLAYER\DEBUG\CAREYEPLAYER.PCH
E:\WORKPLACE\CAR-EYE\CAREYEPLAYER\SRC\C++\CAREYEPLAYER\DEBUG\CAREYEPLAYER.RES
E:\Workplace\Car-eye\CarEyePlayer\Src\C++\CarEyePlayer\Debug\CarEyePlayer.vcxprojResolveAssemblyReference.cache
E:\Workplace\Car-eye\CarEyePlayer\Src\C++\CarEyePlayer\Debug\CarEyePlayer.write.1.tlog
E:\Workplace\Car-eye\CarEyePlayer\Src\C++\CarEyePlayer\Debug\CarEyePlayer_manifest.rc
E:\WORKPLACE\CAR-EYE\CAREYEPLAYER\SRC\C++\CAREYEPLAYER\DEBUG\CAREYEPLAYERDLG.OBJ
E:\Workplace\Car-eye\CarEyePlayer\Src\C++\CarEyePlayer\Debug\cl.command.1.tlog
E:\Workplace\Car-eye\CarEyePlayer\Src\C++\CarEyePlayer\Debug\CL.read.1.tlog
E:\Workplace\Car-eye\CarEyePlayer\Src\C++\CarEyePlayer\Debug\CL.write.1.tlog
E:\WORKPLACE\CAR-EYE\CAREYEPLAYER\SRC\C++\CAREYEPLAYER\DEBUG\CREATEDUMP.OBJ
E:\WORKPLACE\CAR-EYE\CAREYEPLAYER\SRC\C++\CAREYEPLAYER\DEBUG\DLGRENDER.OBJ
E:\WORKPLACE\CAR-EYE\CAREYEPLAYER\SRC\C++\CAREYEPLAYER\DEBUG\DLGVIDEO.OBJ
E:\WORKPLACE\CAR-EYE\CAREYEPLAYER\SRC\C++\CAREYEPLAYER\DEBUG\FLASHCONTROL.OBJ
E:\WORKPLACE\CAR-EYE\CAREYEPLAYER\SRC\C++\CAREYEPLAYER\DEBUG\FUNCTION.OBJ
E:\WORKPLACE\CAR-EYE\CAREYEPLAYER\SRC\C++\CAREYEPLAYER\DEBUG\GIFIMAGE.OBJ
E:\WORKPLACE\CAR-EYE\CAREYEPLAYER\SRC\C++\CAREYEPLAYER\DEBUG\IMAGEEX.OBJ
E:\Workplace\Car-eye\CarEyePlayer\Src\C++\CarEyePlayer\Debug\imageole.tlh
E:\Workplace\Car-eye\CarEyePlayer\Src\C++\CarEyePlayer\Debug\imageole.tli
E:\WORKPLACE\CAR-EYE\CAREYEPLAYER\SRC\C++\CAREYEPLAYER\DEBUG\ISKINCONTROL.OBJ
E:\Workplace\Car-eye\CarEyePlayer\Src\C++\CarEyePlayer\Debug\link.16372.read.1.tlog
E:\Workplace\Car-eye\CarEyePlayer\Src\C++\CarEyePlayer\Debug\link.16372.read.2.tlog
E:\Workplace\Car-eye\CarEyePlayer\Src\C++\CarEyePlayer\Debug\link.16372.write.1.tlog
E:\Workplace\Car-eye\CarEyePlayer\Src\C++\CarEyePlayer\Debug\link.16372-cvtres.read.1.tlog
E:\Workplace\Car-eye\CarEyePlayer\Src\C++\CarEyePlayer\Debug\link.16372-cvtres.write.1.tlog
E:\Workplace\Car-eye\CarEyePlayer\Src\C++\CarEyePlayer\Debug\link.22500.read.1.tlog
E:\Workplace\Car-eye\CarEyePlayer\Src\C++\CarEyePlayer\Debug\link.22500.read.2.tlog
E:\Workplace\Car-eye\CarEyePlayer\Src\C++\CarEyePlayer\Debug\link.22500.write.1.tlog
E:\Workplace\Car-eye\CarEyePlayer\Src\C++\CarEyePlayer\Debug\link.22500-cvtres.read.1.tlog
E:\Workplace\Car-eye\CarEyePlayer\Src\C++\CarEyePlayer\Debug\link.22500-cvtres.write.1.tlog
E:\Workplace\Car-eye\CarEyePlayer\Src\C++\CarEyePlayer\Debug\link.35860.read.1.tlog
E:\Workplace\Car-eye\CarEyePlayer\Src\C++\CarEyePlayer\Debug\link.35860.read.2.tlog
E:\Workplace\Car-eye\CarEyePlayer\Src\C++\CarEyePlayer\Debug\link.35860.write.1.tlog
E:\Workplace\Car-eye\CarEyePlayer\Src\C++\CarEyePlayer\Debug\link.35860-cvtres.read.1.tlog
E:\Workplace\Car-eye\CarEyePlayer\Src\C++\CarEyePlayer\Debug\link.35860-cvtres.write.1.tlog
E:\Workplace\Car-eye\CarEyePlayer\Src\C++\CarEyePlayer\Debug\link.44496.read.1.tlog
E:\Workplace\Car-eye\CarEyePlayer\Src\C++\CarEyePlayer\Debug\link.44496.read.2.tlog
E:\Workplace\Car-eye\CarEyePlayer\Src\C++\CarEyePlayer\Debug\link.44496.write.1.tlog
E:\Workplace\Car-eye\CarEyePlayer\Src\C++\CarEyePlayer\Debug\link.44496-cvtres.read.1.tlog
E:\Workplace\Car-eye\CarEyePlayer\Src\C++\CarEyePlayer\Debug\link.44496-cvtres.write.1.tlog
E:\Workplace\Car-eye\CarEyePlayer\Src\C++\CarEyePlayer\Debug\link.46204.read.1.tlog
E:\Workplace\Car-eye\CarEyePlayer\Src\C++\CarEyePlayer\Debug\link.46204.read.2.tlog
E:\Workplace\Car-eye\CarEyePlayer\Src\C++\CarEyePlayer\Debug\link.46204.write.1.tlog
E:\Workplace\Car-eye\CarEyePlayer\Src\C++\CarEyePlayer\Debug\link.46204-cvtres.read.1.tlog
E:\Workplace\Car-eye\CarEyePlayer\Src\C++\CarEyePlayer\Debug\link.46204-cvtres.write.1.tlog
E:\Workplace\Car-eye\CarEyePlayer\Src\C++\CarEyePlayer\Debug\link.57468.read.1.tlog
E:\Workplace\Car-eye\CarEyePlayer\Src\C++\CarEyePlayer\Debug\link.57468.read.2.tlog
E:\Workplace\Car-eye\CarEyePlayer\Src\C++\CarEyePlayer\Debug\link.57468.write.1.tlog
E:\Workplace\Car-eye\CarEyePlayer\Src\C++\CarEyePlayer\Debug\link.57468-cvtres.read.1.tlog
E:\Workplace\Car-eye\CarEyePlayer\Src\C++\CarEyePlayer\Debug\link.57468-cvtres.write.1.tlog
E:\Workplace\Car-eye\CarEyePlayer\Src\C++\CarEyePlayer\Debug\link.61472.read.1.tlog
E:\Workplace\Car-eye\CarEyePlayer\Src\C++\CarEyePlayer\Debug\link.61472.read.2.tlog
E:\Workplace\Car-eye\CarEyePlayer\Src\C++\CarEyePlayer\Debug\link.61472.write.1.tlog
E:\Workplace\Car-eye\CarEyePlayer\Src\C++\CarEyePlayer\Debug\link.61472-cvtres.read.1.tlog
E:\Workplace\Car-eye\CarEyePlayer\Src\C++\CarEyePlayer\Debug\link.61472-cvtres.write.1.tlog
E:\Workplace\Car-eye\CarEyePlayer\Src\C++\CarEyePlayer\Debug\link.61576.read.1.tlog
E:\Workplace\Car-eye\CarEyePlayer\Src\C++\CarEyePlayer\Debug\link.61576.read.2.tlog
E:\Workplace\Car-eye\CarEyePlayer\Src\C++\CarEyePlayer\Debug\link.61576.write.1.tlog
E:\Workplace\Car-eye\CarEyePlayer\Src\C++\CarEyePlayer\Debug\link.61576-cvtres.read.1.tlog
E:\Workplace\Car-eye\CarEyePlayer\Src\C++\CarEyePlayer\Debug\link.61576-cvtres.write.1.tlog
E:\Workplace\Car-eye\CarEyePlayer\Src\C++\CarEyePlayer\Debug\link.63912.read.1.tlog
E:\Workplace\Car-eye\CarEyePlayer\Src\C++\CarEyePlayer\Debug\link.63912.read.2.tlog
E:\Workplace\Car-eye\CarEyePlayer\Src\C++\CarEyePlayer\Debug\link.63912.write.1.tlog
E:\Workplace\Car-eye\CarEyePlayer\Src\C++\CarEyePlayer\Debug\link.63912-cvtres.read.1.tlog
E:\Workplace\Car-eye\CarEyePlayer\Src\C++\CarEyePlayer\Debug\link.63912-cvtres.write.1.tlog
E:\Workplace\Car-eye\CarEyePlayer\Src\C++\CarEyePlayer\Debug\link.64368.read.1.tlog
E:\Workplace\Car-eye\CarEyePlayer\Src\C++\CarEyePlayer\Debug\link.64368.read.2.tlog
E:\Workplace\Car-eye\CarEyePlayer\Src\C++\CarEyePlayer\Debug\link.64368.write.1.tlog
E:\Workplace\Car-eye\CarEyePlayer\Src\C++\CarEyePlayer\Debug\link.64368-cvtres.read.1.tlog
E:\Workplace\Car-eye\CarEyePlayer\Src\C++\CarEyePlayer\Debug\link.64368-cvtres.write.1.tlog
E:\Workplace\Car-eye\CarEyePlayer\Src\C++\CarEyePlayer\Debug\link.64564.read.1.tlog
E:\Workplace\Car-eye\CarEyePlayer\Src\C++\CarEyePlayer\Debug\link.64564.read.2.tlog
E:\Workplace\Car-eye\CarEyePlayer\Src\C++\CarEyePlayer\Debug\link.64564.write.1.tlog
E:\Workplace\Car-eye\CarEyePlayer\Src\C++\CarEyePlayer\Debug\link.64564-cvtres.read.1.tlog
E:\Workplace\Car-eye\CarEyePlayer\Src\C++\CarEyePlayer\Debug\link.64564-cvtres.write.1.tlog
E:\Workplace\Car-eye\CarEyePlayer\Src\C++\CarEyePlayer\Debug\link.64912.read.1.tlog
E:\Workplace\Car-eye\CarEyePlayer\Src\C++\CarEyePlayer\Debug\link.64912.read.2.tlog
E:\Workplace\Car-eye\CarEyePlayer\Src\C++\CarEyePlayer\Debug\link.64912.write.1.tlog
E:\Workplace\Car-eye\CarEyePlayer\Src\C++\CarEyePlayer\Debug\link.64912-cvtres.read.1.tlog
E:\Workplace\Car-eye\CarEyePlayer\Src\C++\CarEyePlayer\Debug\link.64912-cvtres.write.1.tlog
E:\Workplace\Car-eye\CarEyePlayer\Src\C++\CarEyePlayer\Debug\link.81840.read.1.tlog
E:\Workplace\Car-eye\CarEyePlayer\Src\C++\CarEyePlayer\Debug\link.81840.read.2.tlog
E:\Workplace\Car-eye\CarEyePlayer\Src\C++\CarEyePlayer\Debug\link.81840.write.1.tlog
E:\Workplace\Car-eye\CarEyePlayer\Src\C++\CarEyePlayer\Debug\link.81840-cvtres.read.1.tlog
E:\Workplace\Car-eye\CarEyePlayer\Src\C++\CarEyePlayer\Debug\link.81840-cvtres.write.1.tlog
E:\Workplace\Car-eye\CarEyePlayer\Src\C++\CarEyePlayer\Debug\link.82296.read.1.tlog
E:\Workplace\Car-eye\CarEyePlayer\Src\C++\CarEyePlayer\Debug\link.82296.read.2.tlog
E:\Workplace\Car-eye\CarEyePlayer\Src\C++\CarEyePlayer\Debug\link.82296.write.1.tlog
E:\Workplace\Car-eye\CarEyePlayer\Src\C++\CarEyePlayer\Debug\link.82296-cvtres.read.1.tlog
E:\Workplace\Car-eye\CarEyePlayer\Src\C++\CarEyePlayer\Debug\link.82296-cvtres.write.1.tlog
E:\Workplace\Car-eye\CarEyePlayer\Src\C++\CarEyePlayer\Debug\link.86800.read.1.tlog
E:\Workplace\Car-eye\CarEyePlayer\Src\C++\CarEyePlayer\Debug\link.86800.read.2.tlog
E:\Workplace\Car-eye\CarEyePlayer\Src\C++\CarEyePlayer\Debug\link.86800.write.1.tlog
E:\Workplace\Car-eye\CarEyePlayer\Src\C++\CarEyePlayer\Debug\link.86800-cvtres.read.1.tlog
E:\Workplace\Car-eye\CarEyePlayer\Src\C++\CarEyePlayer\Debug\link.86800-cvtres.write.1.tlog
E:\Workplace\Car-eye\CarEyePlayer\Src\C++\CarEyePlayer\Debug\link.command.1.tlog
E:\Workplace\Car-eye\CarEyePlayer\Src\C++\CarEyePlayer\Debug\link.read.1.tlog
E:\Workplace\Car-eye\CarEyePlayer\Src\C++\CarEyePlayer\Debug\link.read.2.tlog
E:\Workplace\Car-eye\CarEyePlayer\Src\C++\CarEyePlayer\Debug\link.write.1.tlog
E:\Workplace\Car-eye\CarEyePlayer\Src\C++\CarEyePlayer\Debug\link-cvtres.read.1.tlog
E:\Workplace\Car-eye\CarEyePlayer\Src\C++\CarEyePlayer\Debug\link-cvtres.write.1.tlog
E:\WORKPLACE\CAR-EYE\CAREYEPLAYER\SRC\C++\CAREYEPLAYER\DEBUG\MEMORYDC.OBJ
E:\Workplace\Car-eye\CarEyePlayer\Src\C++\CarEyePlayer\Debug\mt.command.1.tlog
E:\Workplace\Car-eye\CarEyePlayer\Src\C++\CarEyePlayer\Debug\mt.read.1.tlog
E:\Workplace\Car-eye\CarEyePlayer\Src\C++\CarEyePlayer\Debug\mt.write.1.tlog
E:\Workplace\Car-eye\CarEyePlayer\Src\C++\CarEyePlayer\Debug\rc.command.1.tlog
E:\Workplace\Car-eye\CarEyePlayer\Src\C++\CarEyePlayer\Debug\rc.read.1.tlog
E:\Workplace\Car-eye\CarEyePlayer\Src\C++\CarEyePlayer\Debug\rc.write.1.tlog
E:\WORKPLACE\CAR-EYE\CAREYEPLAYER\SRC\C++\CAREYEPLAYER\DEBUG\RENDERMANAGER.OBJ
E:\WORKPLACE\CAR-EYE\CAREYEPLAYER\SRC\C++\CAREYEPLAYER\DEBUG\SKINBUTTON.OBJ
E:\WORKPLACE\CAR-EYE\CAREYEPLAYER\SRC\C++\CAREYEPLAYER\DEBUG\SKINCOMBOBOX.OBJ
E:\WORKPLACE\CAR-EYE\CAREYEPLAYER\SRC\C++\CAREYEPLAYER\DEBUG\SKINDIALOG.OBJ
E:\WORKPLACE\CAR-EYE\CAREYEPLAYER\SRC\C++\CAREYEPLAYER\DEBUG\SKINEDIT.OBJ
E:\WORKPLACE\CAR-EYE\CAREYEPLAYER\SRC\C++\CAREYEPLAYER\DEBUG\SKINLISTBOX.OBJ
E:\WORKPLACE\CAR-EYE\CAREYEPLAYER\SRC\C++\CAREYEPLAYER\DEBUG\SKINLISTCTRL.OBJ
E:\WORKPLACE\CAR-EYE\CAREYEPLAYER\SRC\C++\CAREYEPLAYER\DEBUG\SKINPROGRESSCTRL.OBJ
E:\WORKPLACE\CAR-EYE\CAREYEPLAYER\SRC\C++\CAREYEPLAYER\DEBUG\SKINRICHEDIT.OBJ
E:\WORKPLACE\CAR-EYE\CAREYEPLAYER\SRC\C++\CAREYEPLAYER\DEBUG\SKINSLIDERCTRL.OBJ
E:\WORKPLACE\CAR-EYE\CAREYEPLAYER\SRC\C++\CAREYEPLAYER\DEBUG\SKINSTATIC.OBJ
E:\WORKPLACE\CAR-EYE\CAREYEPLAYER\SRC\C++\CAREYEPLAYER\DEBUG\SKINTABCTRL.OBJ
E:\WORKPLACE\CAR-EYE\CAREYEPLAYER\SRC\C++\CAREYEPLAYER\DEBUG\SKINTOOLBAR.OBJ
E:\WORKPLACE\CAR-EYE\CAREYEPLAYER\SRC\C++\CAREYEPLAYER\DEBUG\SKINTREECTRL.OBJ
E:\WORKPLACE\CAR-EYE\CAREYEPLAYER\SRC\C++\CAREYEPLAYER\DEBUG\SKINUI.OBJ
E:\WORKPLACE\CAR-EYE\CAREYEPLAYER\SRC\C++\CAREYEPLAYER\DEBUG\SKINUI_SCROLLBAR.OBJ
E:\WORKPLACE\CAR-EYE\CAREYEPLAYER\SRC\C++\CAREYEPLAYER\DEBUG\SKINUIMENU.OBJ
E:\WORKPLACE\CAR-EYE\CAREYEPLAYER\SRC\C++\CAREYEPLAYER\DEBUG\STDAFX.OBJ
E:\Workplace\Car-eye\CarEyePlayer\Src\C++\CarEyePlayer\Debug\vc100.idb
E:\WORKPLACE\CAR-EYE\CAREYEPLAYER\SRC\C++\CAREYEPLAYER\DEBUG\VC100.PDB
E:\WORKPLACE\CAR-EYE\CAREYEPLAYER\SRC\C++\CAREYEPLAYER\DEBUG\XMLMANAGER.OBJ
