E:\Workplace\Car-eye\CarEyePlayer\Bin\C++\CarEyePlayerWebPlugin.exp
E:\Workplace\Car-eye\CarEyePlayer\Bin\C++\CarEyePlayerWebPlugin.lib
E:\WORKPLACE\CAR-EYE\CAREYEPLAYER\BIN\C++\CAREYEPLAYERWEBPLUGIN.OCX
E:\Workplace\Car-eye\CarEyePlayer\Src\C++\CarEyePlayerWebActiveX\..\..\..\Bin\C++\CarEyePlayerWebPlugin.ocx
E:\WORKPLACE\CAR-EYE\CAREYEPLAYER\SRC\C++\CAREYEPLAYERWEBACTIVEX\CAREYEPLAYERWEBACTIVEX_I.C
E:\WORKPLACE\CAR-EYE\CAREYEPLAYER\SRC\C++\CAREYEPLAYERWEBACTIVEX\CAREYEPLAYERWEBPLUGINIDL.H
E:\WORKPLACE\CAR-EYE\CAREYEPLAYER\SRC\C++\CAREYEPLAYERWEBACTIVEX\RELEASE\CAREYEPLAYERMANAGER.OBJ
E:\WORKPLACE\CAR-EYE\CAREYEPLAYER\SRC\C++\CAREYEPLAYERWEBACTIVEX\RELEASE\CAREYEPLAYERWEBACTIVEX.OBJ
E:\WORKPLACE\CAR-EYE\CAREYEPLAYER\SRC\C++\CAREYEPLAYERWEBACTIVEX\RELEASE\CAREYEPLAYERWEBACTIVEX.RES
E:\WORKPLACE\CAR-EYE\CAREYEPLAYER\SRC\C++\CAREYEPLAYERWEBACTIVEX\RELEASE\CAREYEPLAYERWEBACTIVEX.TLB
E:\WORKPLACE\CAR-EYE\CAREYEPLAYER\SRC\C++\CAREYEPLAYERWEBACTIVEX\RELEASE\CAREYEPLAYERWEBACTIVEXCTRL.OBJ
E:\WORKPLACE\CAR-EYE\CAREYEPLAYER\SRC\C++\CAREYEPLAYERWEBACTIVEX\RELEASE\CAREYEPLAYERWEBACTIVEXPROPPAGE.OBJ
E:\WORKPLACE\CAR-EYE\CAREYEPLAYER\SRC\C++\CAREYEPLAYERWEBACTIVEX\RELEASE\CAREYEPLAYERWEBPLUGIN.OCX.INTERMEDIATE.MANIFEST
E:\WORKPLACE\CAR-EYE\CAREYEPLAYER\SRC\C++\CAREYEPLAYERWEBACTIVEX\RELEASE\CAREYEPLAYERWEBPLUGIN.PCH
E:\Workplace\Car-eye\CarEyePlayer\Src\C++\CarEyePlayerWebActiveX\Release\CarEyePlayerWebPlugin.write.1.tlog
E:\Workplace\Car-eye\CarEyePlayer\Src\C++\CarEyePlayerWebActiveX\Release\cl.command.1.tlog
E:\Workplace\Car-eye\CarEyePlayer\Src\C++\CarEyePlayerWebActiveX\Release\CL.read.1.tlog
E:\Workplace\Car-eye\CarEyePlayer\Src\C++\CarEyePlayerWebActiveX\Release\CL.write.1.tlog
E:\WORKPLACE\CAR-EYE\CAREYEPLAYER\SRC\C++\CAREYEPLAYERWEBACTIVEX\RELEASE\IMAGEEX.OBJ
E:\Workplace\Car-eye\CarEyePlayer\Src\C++\CarEyePlayerWebActiveX\Release\link.command.1.tlog
E:\Workplace\Car-eye\CarEyePlayer\Src\C++\CarEyePlayerWebActiveX\Release\link.read.1.tlog
E:\Workplace\Car-eye\CarEyePlayer\Src\C++\CarEyePlayerWebActiveX\Release\link.write.1.tlog
E:\Workplace\Car-eye\CarEyePlayer\Src\C++\CarEyePlayerWebActiveX\Release\link-cvtres.read.1.tlog
E:\Workplace\Car-eye\CarEyePlayer\Src\C++\CarEyePlayerWebActiveX\Release\link-cvtres.write.1.tlog
E:\WORKPLACE\CAR-EYE\CAREYEPLAYER\SRC\C++\CAREYEPLAYERWEBACTIVEX\RELEASE\MAINVIDEOWND.OBJ
E:\Workplace\Car-eye\CarEyePlayer\Src\C++\CarEyePlayerWebActiveX\Release\midl.command.1.tlog
E:\Workplace\Car-eye\CarEyePlayer\Src\C++\CarEyePlayerWebActiveX\Release\midl.read.1.tlog
E:\Workplace\Car-eye\CarEyePlayer\Src\C++\CarEyePlayerWebActiveX\Release\midl.write.1.tlog
E:\Workplace\Car-eye\CarEyePlayer\Src\C++\CarEyePlayerWebActiveX\Release\midl-midlc.read.1.tlog
E:\Workplace\Car-eye\CarEyePlayer\Src\C++\CarEyePlayerWebActiveX\Release\midl-midlc.write.1.tlog
E:\Workplace\Car-eye\CarEyePlayer\Src\C++\CarEyePlayerWebActiveX\Release\midl-midlc-cl.read.1.tlog
E:\Workplace\Car-eye\CarEyePlayer\Src\C++\CarEyePlayerWebActiveX\Release\mt.command.1.tlog
E:\Workplace\Car-eye\CarEyePlayer\Src\C++\CarEyePlayerWebActiveX\Release\mt.read.1.tlog
E:\Workplace\Car-eye\CarEyePlayer\Src\C++\CarEyePlayerWebActiveX\Release\mt.write.1.tlog
E:\Workplace\Car-eye\CarEyePlayer\Src\C++\CarEyePlayerWebActiveX\Release\rc.command.1.tlog
E:\Workplace\Car-eye\CarEyePlayer\Src\C++\CarEyePlayerWebActiveX\Release\rc.read.1.tlog
E:\Workplace\Car-eye\CarEyePlayer\Src\C++\CarEyePlayerWebActiveX\Release\rc.write.1.tlog
E:\WORKPLACE\CAR-EYE\CAREYEPLAYER\SRC\C++\CAREYEPLAYERWEBACTIVEX\RELEASE\STDAFX.OBJ
E:\WORKPLACE\CAR-EYE\CAREYEPLAYER\SRC\C++\CAREYEPLAYERWEBACTIVEX\RELEASE\VC100.PDB
