E:\Workplace\Car-eye\CarEyePlayer\Bin\C++\CarEyePlayerWebPlugin.exp
E:\WORKPLACE\CAR-EYE\CAREYEPLAYER\BIN\C++\CAREYEPLAYERWEBPLUGIN.ILK
E:\Workplace\Car-eye\CarEyePlayer\Bin\C++\CarEyePlayerWebPlugin.lib
E:\WORKPLACE\CAR-EYE\CAREYEPLAYER\BIN\C++\CAREYEPLAYERWEBPLUGIN.OCX
E:\WORKPLACE\CAR-EYE\CAREYEPLAYER\BIN\C++\CAREYEPLAYERWEBPLUGIN.PDB
E:\WORKPLACE\CAR-EYE\CAREYEPLAYER\SRC\C++\CAREYEPLAYERWEBACTIVEX\CAREYEPLAYERWEBACTIVEX_I.C
E:\WORKPLACE\CAR-EYE\CAREYEPLAYER\SRC\C++\CAREYEPLAYERWEBACTIVEX\CAREYEPLAYERWEBPLUGINIDL.H
E:\WORKPLACE\CAR-EYE\CAREYEPLAYER\SRC\C++\CAREYEPLAYERWEBACTIVEX\DEBUG\CAREYEPLAYERMANAGER.OBJ
E:\WORKPLACE\CAR-EYE\CAREYEPLAYER\SRC\C++\CAREYEPLAYERWEBACTIVEX\DEBUG\CAREYEPLAYERWEBACTIVEX.OBJ
E:\WORKPLACE\CAR-EYE\CAREYEPLAYER\SRC\C++\CAREYEPLAYERWEBACTIVEX\DEBUG\CAREYEPLAYERWEBACTIVEX.RES
E:\WORKPLACE\CAR-EYE\CAREYEPLAYER\SRC\C++\CAREYEPLAYERWEBACTIVEX\DEBUG\CAREYEPLAYERWEBACTIVEX.TLB
E:\Workplace\Car-eye\CarEyePlayer\Src\C++\CarEyePlayerWebActiveX\Debug\CarEyePlayerWebActiveX.vcxprojResolveAssemblyReference.cache
E:\WORKPLACE\CAR-EYE\CAREYEPLAYER\SRC\C++\CAREYEPLAYERWEBACTIVEX\DEBUG\CAREYEPLAYERWEBACTIVEXCTRL.OBJ
E:\WORKPLACE\CAR-EYE\CAREYEPLAYER\SRC\C++\CAREYEPLAYERWEBACTIVEX\DEBUG\CAREYEPLAYERWEBACTIVEXPROPPAGE.OBJ
E:\WORKPLACE\CAR-EYE\CAREYEPLAYER\SRC\C++\CAREYEPLAYERWEBACTIVEX\DEBUG\CAREYEPLAYERWEBPLUGIN.OCX.EMBED.MANIFEST
E:\WORKPLACE\CAR-EYE\CAREYEPLAYER\SRC\C++\CAREYEPLAYERWEBACTIVEX\DEBUG\CAREYEPLAYERWEBPLUGIN.OCX.EMBED.MANIFEST.RES
E:\WORKPLACE\CAR-EYE\CAREYEPLAYER\SRC\C++\CAREYEPLAYERWEBACTIVEX\DEBUG\CAREYEPLAYERWEBPLUGIN.OCX.INTERMEDIATE.MANIFEST
E:\WORKPLACE\CAR-EYE\CAREYEPLAYER\SRC\C++\CAREYEPLAYERWEBACTIVEX\DEBUG\CAREYEPLAYERWEBPLUGIN.PCH
E:\Workplace\Car-eye\CarEyePlayer\Src\C++\CarEyePlayerWebActiveX\Debug\CarEyePlayerWebPlugin.write.1.tlog
E:\Workplace\Car-eye\CarEyePlayer\Src\C++\CarEyePlayerWebActiveX\Debug\CarEyePlayerWebPlugin_manifest.rc
E:\Workplace\Car-eye\CarEyePlayer\Src\C++\CarEyePlayerWebActiveX\Debug\cl.command.1.tlog
E:\Workplace\Car-eye\CarEyePlayer\Src\C++\CarEyePlayerWebActiveX\Debug\CL.read.1.tlog
E:\Workplace\Car-eye\CarEyePlayer\Src\C++\CarEyePlayerWebActiveX\Debug\CL.write.1.tlog
E:\WORKPLACE\CAR-EYE\CAREYEPLAYER\SRC\C++\CAREYEPLAYERWEBACTIVEX\DEBUG\IMAGEEX.OBJ
E:\Workplace\Car-eye\CarEyePlayer\Src\C++\CarEyePlayerWebActiveX\Debug\link.57160.read.1.tlog
E:\Workplace\Car-eye\CarEyePlayer\Src\C++\CarEyePlayerWebActiveX\Debug\link.57160.write.1.tlog
E:\Workplace\Car-eye\CarEyePlayer\Src\C++\CarEyePlayerWebActiveX\Debug\link.57160-cvtres.read.1.tlog
E:\Workplace\Car-eye\CarEyePlayer\Src\C++\CarEyePlayerWebActiveX\Debug\link.57160-cvtres.write.1.tlog
E:\Workplace\Car-eye\CarEyePlayer\Src\C++\CarEyePlayerWebActiveX\Debug\link.57800.read.1.tlog
E:\Workplace\Car-eye\CarEyePlayer\Src\C++\CarEyePlayerWebActiveX\Debug\link.57800.write.1.tlog
E:\Workplace\Car-eye\CarEyePlayer\Src\C++\CarEyePlayerWebActiveX\Debug\link.57800-cvtres.read.1.tlog
E:\Workplace\Car-eye\CarEyePlayer\Src\C++\CarEyePlayerWebActiveX\Debug\link.57800-cvtres.write.1.tlog
E:\Workplace\Car-eye\CarEyePlayer\Src\C++\CarEyePlayerWebActiveX\Debug\link.58708.read.1.tlog
E:\Workplace\Car-eye\CarEyePlayer\Src\C++\CarEyePlayerWebActiveX\Debug\link.58708.write.1.tlog
E:\Workplace\Car-eye\CarEyePlayer\Src\C++\CarEyePlayerWebActiveX\Debug\link.58708-cvtres.read.1.tlog
E:\Workplace\Car-eye\CarEyePlayer\Src\C++\CarEyePlayerWebActiveX\Debug\link.58708-cvtres.write.1.tlog
E:\Workplace\Car-eye\CarEyePlayer\Src\C++\CarEyePlayerWebActiveX\Debug\link.58836.read.1.tlog
E:\Workplace\Car-eye\CarEyePlayer\Src\C++\CarEyePlayerWebActiveX\Debug\link.58836.write.1.tlog
E:\Workplace\Car-eye\CarEyePlayer\Src\C++\CarEyePlayerWebActiveX\Debug\link.58836-cvtres.read.1.tlog
E:\Workplace\Car-eye\CarEyePlayer\Src\C++\CarEyePlayerWebActiveX\Debug\link.58836-cvtres.write.1.tlog
E:\Workplace\Car-eye\CarEyePlayer\Src\C++\CarEyePlayerWebActiveX\Debug\link.60828.read.1.tlog
E:\Workplace\Car-eye\CarEyePlayer\Src\C++\CarEyePlayerWebActiveX\Debug\link.60828.write.1.tlog
E:\Workplace\Car-eye\CarEyePlayer\Src\C++\CarEyePlayerWebActiveX\Debug\link.60828-cvtres.read.1.tlog
E:\Workplace\Car-eye\CarEyePlayer\Src\C++\CarEyePlayerWebActiveX\Debug\link.60828-cvtres.write.1.tlog
E:\Workplace\Car-eye\CarEyePlayer\Src\C++\CarEyePlayerWebActiveX\Debug\link.62468.read.1.tlog
E:\Workplace\Car-eye\CarEyePlayer\Src\C++\CarEyePlayerWebActiveX\Debug\link.62468.write.1.tlog
E:\Workplace\Car-eye\CarEyePlayer\Src\C++\CarEyePlayerWebActiveX\Debug\link.62468-cvtres.read.1.tlog
E:\Workplace\Car-eye\CarEyePlayer\Src\C++\CarEyePlayerWebActiveX\Debug\link.62468-cvtres.write.1.tlog
E:\Workplace\Car-eye\CarEyePlayer\Src\C++\CarEyePlayerWebActiveX\Debug\link.63408.read.1.tlog
E:\Workplace\Car-eye\CarEyePlayer\Src\C++\CarEyePlayerWebActiveX\Debug\link.63408.write.1.tlog
E:\Workplace\Car-eye\CarEyePlayer\Src\C++\CarEyePlayerWebActiveX\Debug\link.63408-cvtres.read.1.tlog
E:\Workplace\Car-eye\CarEyePlayer\Src\C++\CarEyePlayerWebActiveX\Debug\link.63408-cvtres.write.1.tlog
E:\Workplace\Car-eye\CarEyePlayer\Src\C++\CarEyePlayerWebActiveX\Debug\link.64544.read.1.tlog
E:\Workplace\Car-eye\CarEyePlayer\Src\C++\CarEyePlayerWebActiveX\Debug\link.64544.write.1.tlog
E:\Workplace\Car-eye\CarEyePlayer\Src\C++\CarEyePlayerWebActiveX\Debug\link.64544-cvtres.read.1.tlog
E:\Workplace\Car-eye\CarEyePlayer\Src\C++\CarEyePlayerWebActiveX\Debug\link.64544-cvtres.write.1.tlog
E:\Workplace\Car-eye\CarEyePlayer\Src\C++\CarEyePlayerWebActiveX\Debug\link.80104.read.1.tlog
E:\Workplace\Car-eye\CarEyePlayer\Src\C++\CarEyePlayerWebActiveX\Debug\link.80104.write.1.tlog
E:\Workplace\Car-eye\CarEyePlayer\Src\C++\CarEyePlayerWebActiveX\Debug\link.80104-cvtres.read.1.tlog
E:\Workplace\Car-eye\CarEyePlayer\Src\C++\CarEyePlayerWebActiveX\Debug\link.80104-cvtres.write.1.tlog
E:\Workplace\Car-eye\CarEyePlayer\Src\C++\CarEyePlayerWebActiveX\Debug\link.81068.read.1.tlog
E:\Workplace\Car-eye\CarEyePlayer\Src\C++\CarEyePlayerWebActiveX\Debug\link.81068.write.1.tlog
E:\Workplace\Car-eye\CarEyePlayer\Src\C++\CarEyePlayerWebActiveX\Debug\link.81068-cvtres.read.1.tlog
E:\Workplace\Car-eye\CarEyePlayer\Src\C++\CarEyePlayerWebActiveX\Debug\link.81068-cvtres.write.1.tlog
E:\Workplace\Car-eye\CarEyePlayer\Src\C++\CarEyePlayerWebActiveX\Debug\link.82000.read.1.tlog
E:\Workplace\Car-eye\CarEyePlayer\Src\C++\CarEyePlayerWebActiveX\Debug\link.82000.write.1.tlog
E:\Workplace\Car-eye\CarEyePlayer\Src\C++\CarEyePlayerWebActiveX\Debug\link.82000-cvtres.read.1.tlog
E:\Workplace\Car-eye\CarEyePlayer\Src\C++\CarEyePlayerWebActiveX\Debug\link.82000-cvtres.write.1.tlog
E:\Workplace\Car-eye\CarEyePlayer\Src\C++\CarEyePlayerWebActiveX\Debug\link.82292.read.1.tlog
E:\Workplace\Car-eye\CarEyePlayer\Src\C++\CarEyePlayerWebActiveX\Debug\link.82292.write.1.tlog
E:\Workplace\Car-eye\CarEyePlayer\Src\C++\CarEyePlayerWebActiveX\Debug\link.82292-cvtres.read.1.tlog
E:\Workplace\Car-eye\CarEyePlayer\Src\C++\CarEyePlayerWebActiveX\Debug\link.82292-cvtres.write.1.tlog
E:\Workplace\Car-eye\CarEyePlayer\Src\C++\CarEyePlayerWebActiveX\Debug\link.82488.read.1.tlog
E:\Workplace\Car-eye\CarEyePlayer\Src\C++\CarEyePlayerWebActiveX\Debug\link.82488.write.1.tlog
E:\Workplace\Car-eye\CarEyePlayer\Src\C++\CarEyePlayerWebActiveX\Debug\link.82488-cvtres.read.1.tlog
E:\Workplace\Car-eye\CarEyePlayer\Src\C++\CarEyePlayerWebActiveX\Debug\link.82488-cvtres.write.1.tlog
E:\Workplace\Car-eye\CarEyePlayer\Src\C++\CarEyePlayerWebActiveX\Debug\link.command.1.tlog
E:\Workplace\Car-eye\CarEyePlayer\Src\C++\CarEyePlayerWebActiveX\Debug\link.read.1.tlog
E:\Workplace\Car-eye\CarEyePlayer\Src\C++\CarEyePlayerWebActiveX\Debug\link.write.1.tlog
E:\Workplace\Car-eye\CarEyePlayer\Src\C++\CarEyePlayerWebActiveX\Debug\link-cvtres.read.1.tlog
E:\Workplace\Car-eye\CarEyePlayer\Src\C++\CarEyePlayerWebActiveX\Debug\link-cvtres.write.1.tlog
E:\WORKPLACE\CAR-EYE\CAREYEPLAYER\SRC\C++\CAREYEPLAYERWEBACTIVEX\DEBUG\MAINVIDEOWND.OBJ
E:\Workplace\Car-eye\CarEyePlayer\Src\C++\CarEyePlayerWebActiveX\Debug\midl.command.1.tlog
E:\Workplace\Car-eye\CarEyePlayer\Src\C++\CarEyePlayerWebActiveX\Debug\midl.read.1.tlog
E:\Workplace\Car-eye\CarEyePlayer\Src\C++\CarEyePlayerWebActiveX\Debug\midl.write.1.tlog
E:\Workplace\Car-eye\CarEyePlayer\Src\C++\CarEyePlayerWebActiveX\Debug\midl-midlc.read.1.tlog
E:\Workplace\Car-eye\CarEyePlayer\Src\C++\CarEyePlayerWebActiveX\Debug\midl-midlc.write.1.tlog
E:\Workplace\Car-eye\CarEyePlayer\Src\C++\CarEyePlayerWebActiveX\Debug\midl-midlc-cl.read.1.tlog
E:\Workplace\Car-eye\CarEyePlayer\Src\C++\CarEyePlayerWebActiveX\Debug\mt.command.1.tlog
E:\Workplace\Car-eye\CarEyePlayer\Src\C++\CarEyePlayerWebActiveX\Debug\mt.read.1.tlog
E:\Workplace\Car-eye\CarEyePlayer\Src\C++\CarEyePlayerWebActiveX\Debug\mt.write.1.tlog
E:\Workplace\Car-eye\CarEyePlayer\Src\C++\CarEyePlayerWebActiveX\Debug\rc.command.1.tlog
E:\Workplace\Car-eye\CarEyePlayer\Src\C++\CarEyePlayerWebActiveX\Debug\rc.read.1.tlog
E:\Workplace\Car-eye\CarEyePlayer\Src\C++\CarEyePlayerWebActiveX\Debug\rc.write.1.tlog
E:\WORKPLACE\CAR-EYE\CAREYEPLAYER\SRC\C++\CAREYEPLAYERWEBACTIVEX\DEBUG\STDAFX.OBJ
E:\Workplace\Car-eye\CarEyePlayer\Src\C++\CarEyePlayerWebActiveX\Debug\vc100.idb
E:\WORKPLACE\CAR-EYE\CAREYEPLAYER\SRC\C++\CAREYEPLAYERWEBACTIVEX\DEBUG\VC100.PDB
