..\..\..\Bin\C++\CarEyePlayer.pdb
E:\WORKPLACE\CAR-EYE\CAREYEPLAYER\BIN\C++\CAREYEPLAYER.EXE
E:\WORKPLACE\CAR-EYE\CAREYEPLAYER\BIN\C++\CAREYEPLAYER.PDB
E:\Workplace\Car-eye\CarEyePlayer\Src\C++\CarEyePlayer\..\..\..\Bin\C++\CarEyePlayer.exe
E:\WORKPLACE\CAR-EYE\CAREYEPLAYER\SRC\C++\CAREYEPLAYER\RELEASE\BUILDDIALOG.OBJ
E:\WORKPLACE\CAR-EYE\CAREYEPLAYER\SRC\C++\CAREYEPLAYER\RELEASE\CAREYEPLAYER.EXE.INTERMEDIATE.MANIFEST
E:\WORKPLACE\CAR-EYE\CAREYEPLAYER\SRC\C++\CAREYEPLAYER\RELEASE\CAREYEPLAYER.OBJ
E:\WORKPLACE\CAR-EYE\CAREYEPLAYER\SRC\C++\CAREYEPLAYER\RELEASE\CAREYEPLAYER.PCH
E:\WORKPLACE\CAR-EYE\CAREYEPLAYER\SRC\C++\CAREYEPLAYER\RELEASE\CAREYEPLAYER.RES
E:\Workplace\Car-eye\CarEyePlayer\Src\C++\CarEyePlayer\Release\CarEyePlayer.write.1.tlog
E:\WORKPLACE\CAR-EYE\CAREYEPLAYER\SRC\C++\CAREYEPLAYER\RELEASE\CAREYEPLAYERDLG.OBJ
E:\Workplace\Car-eye\CarEyePlayer\Src\C++\CarEyePlayer\Release\cl.command.1.tlog
E:\Workplace\Car-eye\CarEyePlayer\Src\C++\CarEyePlayer\Release\CL.read.1.tlog
E:\Workplace\Car-eye\CarEyePlayer\Src\C++\CarEyePlayer\Release\CL.write.1.tlog
E:\WORKPLACE\CAR-EYE\CAREYEPLAYER\SRC\C++\CAREYEPLAYER\RELEASE\CREATEDUMP.OBJ
E:\WORKPLACE\CAR-EYE\CAREYEPLAYER\SRC\C++\CAREYEPLAYER\RELEASE\DLGRENDER.OBJ
E:\WORKPLACE\CAR-EYE\CAREYEPLAYER\SRC\C++\CAREYEPLAYER\RELEASE\DLGVIDEO.OBJ
E:\WORKPLACE\CAR-EYE\CAREYEPLAYER\SRC\C++\CAREYEPLAYER\RELEASE\FLASHCONTROL.OBJ
E:\WORKPLACE\CAR-EYE\CAREYEPLAYER\SRC\C++\CAREYEPLAYER\RELEASE\FUNCTION.OBJ
E:\WORKPLACE\CAR-EYE\CAREYEPLAYER\SRC\C++\CAREYEPLAYER\RELEASE\GIFIMAGE.OBJ
E:\WORKPLACE\CAR-EYE\CAREYEPLAYER\SRC\C++\CAREYEPLAYER\RELEASE\IMAGEEX.OBJ
E:\Workplace\Car-eye\CarEyePlayer\Src\C++\CarEyePlayer\Release\imageole.tlh
E:\Workplace\Car-eye\CarEyePlayer\Src\C++\CarEyePlayer\Release\imageole.tli
E:\WORKPLACE\CAR-EYE\CAREYEPLAYER\SRC\C++\CAREYEPLAYER\RELEASE\ISKINCONTROL.OBJ
E:\Workplace\Car-eye\CarEyePlayer\Src\C++\CarEyePlayer\Release\link.command.1.tlog
E:\Workplace\Car-eye\CarEyePlayer\Src\C++\CarEyePlayer\Release\link.read.1.tlog
E:\Workplace\Car-eye\CarEyePlayer\Src\C++\CarEyePlayer\Release\link.write.1.tlog
E:\Workplace\Car-eye\CarEyePlayer\Src\C++\CarEyePlayer\Release\link-cvtres.read.1.tlog
E:\Workplace\Car-eye\CarEyePlayer\Src\C++\CarEyePlayer\Release\link-cvtres.write.1.tlog
E:\WORKPLACE\CAR-EYE\CAREYEPLAYER\SRC\C++\CAREYEPLAYER\RELEASE\MEMORYDC.OBJ
E:\Workplace\Car-eye\CarEyePlayer\Src\C++\CarEyePlayer\Release\mt.command.1.tlog
E:\Workplace\Car-eye\CarEyePlayer\Src\C++\CarEyePlayer\Release\mt.read.1.tlog
E:\Workplace\Car-eye\CarEyePlayer\Src\C++\CarEyePlayer\Release\mt.write.1.tlog
E:\Workplace\Car-eye\CarEyePlayer\Src\C++\CarEyePlayer\Release\rc.command.1.tlog
E:\Workplace\Car-eye\CarEyePlayer\Src\C++\CarEyePlayer\Release\rc.read.1.tlog
E:\Workplace\Car-eye\CarEyePlayer\Src\C++\CarEyePlayer\Release\rc.write.1.tlog
E:\WORKPLACE\CAR-EYE\CAREYEPLAYER\SRC\C++\CAREYEPLAYER\RELEASE\RENDERMANAGER.OBJ
E:\WORKPLACE\CAR-EYE\CAREYEPLAYER\SRC\C++\CAREYEPLAYER\RELEASE\SKINBUTTON.OBJ
E:\WORKPLACE\CAR-EYE\CAREYEPLAYER\SRC\C++\CAREYEPLAYER\RELEASE\SKINCOMBOBOX.OBJ
E:\WORKPLACE\CAR-EYE\CAREYEPLAYER\SRC\C++\CAREYEPLAYER\RELEASE\SKINDIALOG.OBJ
E:\WORKPLACE\CAR-EYE\CAREYEPLAYER\SRC\C++\CAREYEPLAYER\RELEASE\SKINEDIT.OBJ
E:\WORKPLACE\CAR-EYE\CAREYEPLAYER\SRC\C++\CAREYEPLAYER\RELEASE\SKINLISTBOX.OBJ
E:\WORKPLACE\CAR-EYE\CAREYEPLAYER\SRC\C++\CAREYEPLAYER\RELEASE\SKINLISTCTRL.OBJ
E:\WORKPLACE\CAR-EYE\CAREYEPLAYER\SRC\C++\CAREYEPLAYER\RELEASE\SKINPROGRESSCTRL.OBJ
E:\WORKPLACE\CAR-EYE\CAREYEPLAYER\SRC\C++\CAREYEPLAYER\RELEASE\SKINRICHEDIT.OBJ
E:\WORKPLACE\CAR-EYE\CAREYEPLAYER\SRC\C++\CAREYEPLAYER\RELEASE\SKINSLIDERCTRL.OBJ
E:\WORKPLACE\CAR-EYE\CAREYEPLAYER\SRC\C++\CAREYEPLAYER\RELEASE\SKINSTATIC.OBJ
E:\WORKPLACE\CAR-EYE\CAREYEPLAYER\SRC\C++\CAREYEPLAYER\RELEASE\SKINTABCTRL.OBJ
E:\WORKPLACE\CAR-EYE\CAREYEPLAYER\SRC\C++\CAREYEPLAYER\RELEASE\SKINTOOLBAR.OBJ
E:\WORKPLACE\CAR-EYE\CAREYEPLAYER\SRC\C++\CAREYEPLAYER\RELEASE\SKINTREECTRL.OBJ
E:\WORKPLACE\CAR-EYE\CAREYEPLAYER\SRC\C++\CAREYEPLAYER\RELEASE\SKINUI.OBJ
E:\WORKPLACE\CAR-EYE\CAREYEPLAYER\SRC\C++\CAREYEPLAYER\RELEASE\SKINUI_SCROLLBAR.OBJ
E:\WORKPLACE\CAR-EYE\CAREYEPLAYER\SRC\C++\CAREYEPLAYER\RELEASE\SKINUIMENU.OBJ
E:\WORKPLACE\CAR-EYE\CAREYEPLAYER\SRC\C++\CAREYEPLAYER\RELEASE\STDAFX.OBJ
E:\WORKPLACE\CAR-EYE\CAREYEPLAYER\SRC\C++\CAREYEPLAYER\RELEASE\VC100.PDB
E:\WORKPLACE\CAR-EYE\CAREYEPLAYER\SRC\C++\CAREYEPLAYER\RELEASE\XMLMANAGER.OBJ
