E:\WORKPLACE\CAR-EYE\CAREYEPLAYER\BIN\C++\LIBCAREYEPLAYER.DLL
E:\WORKPLACE\CAR-EYE\CAREYEPLAYER\BIN\C++\LIBCAREYEPLAYER.DLL.MANIFEST
E:\Workplace\Car-eye\CarEyePlayer\Bin\C++\libCarEyePlayer.exp
E:\WORKPLACE\CAR-EYE\CAREYEPLAYER\BIN\C++\LIBCAREYEPLAYER.ILK
E:\Workplace\Car-eye\CarEyePlayer\Bin\C++\libCarEyePlayer.lib
E:\WORKPLACE\CAR-EYE\CAREYEPLAYER\BIN\C++\LIBCAREYEPLAYER.PDB
E:\WORKPLACE\CAR-EYE\CAREYEPLAYER\SRC\C++\LIBCAREYEPLAYER\DEBUG\CHANNELMANAGER.OBJ
E:\Workplace\Car-eye\CarEyePlayer\Src\C++\libCarEyePlayer\Debug\cl.command.1.tlog
E:\Workplace\Car-eye\CarEyePlayer\Src\C++\libCarEyePlayer\Debug\CL.read.1.tlog
E:\Workplace\Car-eye\CarEyePlayer\Src\C++\libCarEyePlayer\Debug\CL.write.1.tlog
E:\WORKPLACE\CAR-EYE\CAREYEPLAYER\SRC\C++\LIBCAREYEPLAYER\DEBUG\LIBCAREYEPLAYER.DLL.INTERMEDIATE.MANIFEST
E:\Workplace\Car-eye\CarEyePlayer\Src\C++\libCarEyePlayer\Debug\libCarEyePlayer.vcxprojResolveAssemblyReference.cache
E:\Workplace\Car-eye\CarEyePlayer\Src\C++\libCarEyePlayer\Debug\libCarEyePlayer.write.1.tlog
E:\WORKPLACE\CAR-EYE\CAREYEPLAYER\SRC\C++\LIBCAREYEPLAYER\DEBUG\LIBCAREYEPLAYERAPI.OBJ
E:\Workplace\Car-eye\CarEyePlayer\Src\C++\libCarEyePlayer\Debug\link.31632.read.1.tlog
E:\Workplace\Car-eye\CarEyePlayer\Src\C++\libCarEyePlayer\Debug\link.31632.write.1.tlog
E:\Workplace\Car-eye\CarEyePlayer\Src\C++\libCarEyePlayer\Debug\link.32004.read.1.tlog
E:\Workplace\Car-eye\CarEyePlayer\Src\C++\libCarEyePlayer\Debug\link.32004.write.1.tlog
E:\Workplace\Car-eye\CarEyePlayer\Src\C++\libCarEyePlayer\Debug\link.43748.read.1.tlog
E:\Workplace\Car-eye\CarEyePlayer\Src\C++\libCarEyePlayer\Debug\link.43748.write.1.tlog
E:\Workplace\Car-eye\CarEyePlayer\Src\C++\libCarEyePlayer\Debug\link.49468.read.1.tlog
E:\Workplace\Car-eye\CarEyePlayer\Src\C++\libCarEyePlayer\Debug\link.49468.write.1.tlog
E:\Workplace\Car-eye\CarEyePlayer\Src\C++\libCarEyePlayer\Debug\link.52688.read.1.tlog
E:\Workplace\Car-eye\CarEyePlayer\Src\C++\libCarEyePlayer\Debug\link.52688.write.1.tlog
E:\Workplace\Car-eye\CarEyePlayer\Src\C++\libCarEyePlayer\Debug\link.55872.read.1.tlog
E:\Workplace\Car-eye\CarEyePlayer\Src\C++\libCarEyePlayer\Debug\link.55872.write.1.tlog
E:\Workplace\Car-eye\CarEyePlayer\Src\C++\libCarEyePlayer\Debug\link.56060.read.1.tlog
E:\Workplace\Car-eye\CarEyePlayer\Src\C++\libCarEyePlayer\Debug\link.56060.write.1.tlog
E:\Workplace\Car-eye\CarEyePlayer\Src\C++\libCarEyePlayer\Debug\link.62676.read.1.tlog
E:\Workplace\Car-eye\CarEyePlayer\Src\C++\libCarEyePlayer\Debug\link.62676.write.1.tlog
E:\Workplace\Car-eye\CarEyePlayer\Src\C++\libCarEyePlayer\Debug\link.62944.read.1.tlog
E:\Workplace\Car-eye\CarEyePlayer\Src\C++\libCarEyePlayer\Debug\link.62944.write.1.tlog
E:\Workplace\Car-eye\CarEyePlayer\Src\C++\libCarEyePlayer\Debug\link.62980.read.1.tlog
E:\Workplace\Car-eye\CarEyePlayer\Src\C++\libCarEyePlayer\Debug\link.62980.write.1.tlog
E:\Workplace\Car-eye\CarEyePlayer\Src\C++\libCarEyePlayer\Debug\link.63752.read.1.tlog
E:\Workplace\Car-eye\CarEyePlayer\Src\C++\libCarEyePlayer\Debug\link.63752.write.1.tlog
E:\Workplace\Car-eye\CarEyePlayer\Src\C++\libCarEyePlayer\Debug\link.64400.read.1.tlog
E:\Workplace\Car-eye\CarEyePlayer\Src\C++\libCarEyePlayer\Debug\link.64400.write.1.tlog
E:\Workplace\Car-eye\CarEyePlayer\Src\C++\libCarEyePlayer\Debug\link.64700.read.1.tlog
E:\Workplace\Car-eye\CarEyePlayer\Src\C++\libCarEyePlayer\Debug\link.64700.write.1.tlog
E:\Workplace\Car-eye\CarEyePlayer\Src\C++\libCarEyePlayer\Debug\link.65336.read.1.tlog
E:\Workplace\Car-eye\CarEyePlayer\Src\C++\libCarEyePlayer\Debug\link.65336.write.1.tlog
E:\Workplace\Car-eye\CarEyePlayer\Src\C++\libCarEyePlayer\Debug\link.68220.read.1.tlog
E:\Workplace\Car-eye\CarEyePlayer\Src\C++\libCarEyePlayer\Debug\link.68220.write.1.tlog
E:\Workplace\Car-eye\CarEyePlayer\Src\C++\libCarEyePlayer\Debug\link.79836.read.1.tlog
E:\Workplace\Car-eye\CarEyePlayer\Src\C++\libCarEyePlayer\Debug\link.79836.write.1.tlog
E:\Workplace\Car-eye\CarEyePlayer\Src\C++\libCarEyePlayer\Debug\link.80860.read.1.tlog
E:\Workplace\Car-eye\CarEyePlayer\Src\C++\libCarEyePlayer\Debug\link.80860.write.1.tlog
E:\Workplace\Car-eye\CarEyePlayer\Src\C++\libCarEyePlayer\Debug\link.81028.read.1.tlog
E:\Workplace\Car-eye\CarEyePlayer\Src\C++\libCarEyePlayer\Debug\link.81028.write.1.tlog
E:\Workplace\Car-eye\CarEyePlayer\Src\C++\libCarEyePlayer\Debug\link.82052.read.1.tlog
E:\Workplace\Car-eye\CarEyePlayer\Src\C++\libCarEyePlayer\Debug\link.82052.write.1.tlog
E:\Workplace\Car-eye\CarEyePlayer\Src\C++\libCarEyePlayer\Debug\link.83364.read.1.tlog
E:\Workplace\Car-eye\CarEyePlayer\Src\C++\libCarEyePlayer\Debug\link.83364.write.1.tlog
E:\Workplace\Car-eye\CarEyePlayer\Src\C++\libCarEyePlayer\Debug\link.84232.read.1.tlog
E:\Workplace\Car-eye\CarEyePlayer\Src\C++\libCarEyePlayer\Debug\link.84232.write.1.tlog
E:\Workplace\Car-eye\CarEyePlayer\Src\C++\libCarEyePlayer\Debug\link.86440.read.1.tlog
E:\Workplace\Car-eye\CarEyePlayer\Src\C++\libCarEyePlayer\Debug\link.86440.write.1.tlog
E:\Workplace\Car-eye\CarEyePlayer\Src\C++\libCarEyePlayer\Debug\link.command.1.tlog
E:\Workplace\Car-eye\CarEyePlayer\Src\C++\libCarEyePlayer\Debug\link.read.1.tlog
E:\Workplace\Car-eye\CarEyePlayer\Src\C++\libCarEyePlayer\Debug\link.write.1.tlog
E:\WORKPLACE\CAR-EYE\CAREYEPLAYER\SRC\C++\LIBCAREYEPLAYER\DEBUG\MAIN.OBJ
E:\WORKPLACE\CAR-EYE\CAREYEPLAYER\SRC\C++\LIBCAREYEPLAYER\DEBUG\MP4WRITER.OBJ
E:\Workplace\Car-eye\CarEyePlayer\Src\C++\libCarEyePlayer\Debug\mt.command.1.tlog
E:\Workplace\Car-eye\CarEyePlayer\Src\C++\libCarEyePlayer\Debug\mt.read.1.tlog
E:\Workplace\Car-eye\CarEyePlayer\Src\C++\libCarEyePlayer\Debug\mt.write.1.tlog
E:\WORKPLACE\CAR-EYE\CAREYEPLAYER\SRC\C++\LIBCAREYEPLAYER\DEBUG\SOUNDPLAYER.OBJ
E:\WORKPLACE\CAR-EYE\CAREYEPLAYER\SRC\C++\LIBCAREYEPLAYER\DEBUG\SSQUEUE.OBJ
E:\WORKPLACE\CAR-EYE\CAREYEPLAYER\SRC\C++\LIBCAREYEPLAYER\DEBUG\TRACE.OBJ
E:\Workplace\Car-eye\CarEyePlayer\Src\C++\libCarEyePlayer\Debug\vc100.idb
E:\WORKPLACE\CAR-EYE\CAREYEPLAYER\SRC\C++\LIBCAREYEPLAYER\DEBUG\VC100.PDB
E:\WORKPLACE\CAR-EYE\CAREYEPLAYER\SRC\C++\LIBCAREYEPLAYER\DEBUG\VSTIME.OBJ
