..\..\..\Bin\C++\libEasyPlayer.pdb
E:\WORKPLACE\CAR-EYE\CAREYEPLAYER\BIN\C++\LIBCAREYEPLAYER.DLL
E:\WORKPLACE\CAR-EYE\CAREYEPLAYER\BIN\C++\LIBCAREYEPLAYER.DLL.MANIFEST
E:\Workplace\Car-eye\CarEyePlayer\Bin\C++\libCarEyePlayer.exp
E:\Workplace\Car-eye\CarEyePlayer\Bin\C++\libCarEyePlayer.lib
E:\WORKPLACE\CAR-EYE\CAREYEPLAYER\BIN\C++\LIBCAREYEPLAYER.PDB
E:\WORKPLACE\CAR-EYE\CAREYEPLAYER\BIN\C++\LIBEASYPLAYER.DLL
E:\WORKPLACE\CAR-EYE\CAREYEPLAYER\BIN\C++\LIBEASYPLAYER.DLL.MANIFEST
E:\Workplace\Car-eye\CarEyePlayer\Bin\C++\libEasyPlayer.exp
E:\Workplace\Car-eye\CarEyePlayer\Bin\C++\libEasyPlayer.lib
E:\WORKPLACE\CAR-EYE\CAREYEPLAYER\BIN\C++\LIBEASYPLAYER.PDB
E:\Workplace\Car-eye\CarEyePlayer\Src\C++\libCarEyePlayer\..\..\..\Bin\C++\libEasyPlayer.dll
E:\Workplace\Car-eye\CarEyePlayer\Src\C++\libCarEyePlayer\..\..\..\Bin\C++\libEasyPlayer.dll.manifest
E:\WORKPLACE\CAR-EYE\CAREYEPLAYER\SRC\C++\LIBCAREYEPLAYER\RELEASE\CHANNELMANAGER.OBJ
E:\Workplace\Car-eye\CarEyePlayer\Src\C++\libCarEyePlayer\Release\cl.command.1.tlog
E:\Workplace\Car-eye\CarEyePlayer\Src\C++\libCarEyePlayer\Release\CL.read.1.tlog
E:\Workplace\Car-eye\CarEyePlayer\Src\C++\libCarEyePlayer\Release\CL.write.1.tlog
E:\WORKPLACE\CAR-EYE\CAREYEPLAYER\SRC\C++\LIBCAREYEPLAYER\RELEASE\LIBCAREYEPLAYER.DLL.INTERMEDIATE.MANIFEST
E:\Workplace\Car-eye\CarEyePlayer\Src\C++\libCarEyePlayer\Release\libCarEyePlayer.vcxprojResolveAssemblyReference.cache
E:\Workplace\Car-eye\CarEyePlayer\Src\C++\libCarEyePlayer\Release\libCarEyePlayer.write.1.tlog
E:\WORKPLACE\CAR-EYE\CAREYEPLAYER\SRC\C++\LIBCAREYEPLAYER\RELEASE\LIBCAREYEPLAYERAPI.OBJ
E:\WORKPLACE\CAR-EYE\CAREYEPLAYER\SRC\C++\LIBCAREYEPLAYER\RELEASE\LIBEASYPLAYER.DLL.INTERMEDIATE.MANIFEST
E:\Workplace\Car-eye\CarEyePlayer\Src\C++\libCarEyePlayer\Release\libEasyPlayer.write.1.tlog
E:\Workplace\Car-eye\CarEyePlayer\Src\C++\libCarEyePlayer\Release\link.command.1.tlog
E:\Workplace\Car-eye\CarEyePlayer\Src\C++\libCarEyePlayer\Release\link.read.1.tlog
E:\Workplace\Car-eye\CarEyePlayer\Src\C++\libCarEyePlayer\Release\link.write.1.tlog
E:\WORKPLACE\CAR-EYE\CAREYEPLAYER\SRC\C++\LIBCAREYEPLAYER\RELEASE\MAIN.OBJ
E:\WORKPLACE\CAR-EYE\CAREYEPLAYER\SRC\C++\LIBCAREYEPLAYER\RELEASE\MP4WRITER.OBJ
E:\Workplace\Car-eye\CarEyePlayer\Src\C++\libCarEyePlayer\Release\mt.command.1.tlog
E:\Workplace\Car-eye\CarEyePlayer\Src\C++\libCarEyePlayer\Release\mt.read.1.tlog
E:\Workplace\Car-eye\CarEyePlayer\Src\C++\libCarEyePlayer\Release\mt.write.1.tlog
E:\WORKPLACE\CAR-EYE\CAREYEPLAYER\SRC\C++\LIBCAREYEPLAYER\RELEASE\SOUNDPLAYER.OBJ
E:\WORKPLACE\CAR-EYE\CAREYEPLAYER\SRC\C++\LIBCAREYEPLAYER\RELEASE\SSQUEUE.OBJ
E:\WORKPLACE\CAR-EYE\CAREYEPLAYER\SRC\C++\LIBCAREYEPLAYER\RELEASE\TRACE.OBJ
E:\WORKPLACE\CAR-EYE\CAREYEPLAYER\SRC\C++\LIBCAREYEPLAYER\RELEASE\VC100.PDB
E:\WORKPLACE\CAR-EYE\CAREYEPLAYER\SRC\C++\LIBCAREYEPLAYER\RELEASE\VSTIME.OBJ
